Using pre-set license
Built from '2021.3/staging' branch; Version is '2021.3.19f1 (c9714fde33b6) revision 13201743'; Using compiler version '192829333'; Build Type 'Release'
OS: 'Windows 11  (10.0.22621) 64bit CoreSingleLanguage' Language: 'en' Physical Memory: 16205 MB
BatchMode: 1, IsHumanControllingUs: 0, StartBugReporterOnCrash: 0, Is64bit: 1, IsPro: 1

COMMAND LINE ARGUMENTS:
C:\Program Files\Unity\Hub\Editor\2021.3.19f1\Editor\Unity.exe
-adb2
-batchMode
-noUpm
-name
AssetImportWorker0
-projectPath
C:/Users/Admin/Desktop/DoAn3/UI/Logic-Explorers-DALTUD3
-logFile
Logs/AssetImportWorker0.log
-srvPort
50149
Successfully changed project path to: C:/Users/Admin/Desktop/DoAn3/UI/Logic-Explorers-DALTUD3
C:/Users/Admin/Desktop/DoAn3/UI/Logic-Explorers-DALTUD3
[UnityMemory] Configuration Parameters - Can be set up in boot.config
    "memorysetup-bucket-allocator-granularity=16"
    "memorysetup-bucket-allocator-bucket-count=8"
    "memorysetup-bucket-allocator-block-size=33554432"
    "memorysetup-bucket-allocator-block-count=8"
    "memorysetup-main-allocator-block-size=16777216"
    "memorysetup-thread-allocator-block-size=16777216"
    "memorysetup-gfx-main-allocator-block-size=16777216"
    "memorysetup-gfx-thread-allocator-block-size=16777216"
    "memorysetup-cache-allocator-block-size=4194304"
    "memorysetup-typetree-allocator-block-size=2097152"
    "memorysetup-profiler-bucket-allocator-granularity=16"
    "memorysetup-profiler-bucket-allocator-bucket-count=8"
    "memorysetup-profiler-bucket-allocator-block-size=33554432"
    "memorysetup-profiler-bucket-allocator-block-count=8"
    "memorysetup-profiler-allocator-block-size=16777216"
    "memorysetup-profiler-editor-allocator-block-size=1048576"
    "memorysetup-temp-allocator-size-main=16777216"
    "memorysetup-job-temp-allocator-block-size=2097152"
    "memorysetup-job-temp-allocator-block-size-background=1048576"
    "memorysetup-job-temp-allocator-reduction-small-platforms=262144"
    "memorysetup-temp-allocator-size-background-worker=32768"
    "memorysetup-temp-allocator-size-job-worker=262144"
    "memorysetup-temp-allocator-size-preload-manager=33554432"
    "memorysetup-temp-allocator-size-nav-mesh-worker=65536"
    "memorysetup-temp-allocator-size-audio-worker=65536"
    "memorysetup-temp-allocator-size-cloud-worker=32768"
    "memorysetup-temp-allocator-size-gi-baking-worker=262144"
    "memorysetup-temp-allocator-size-gfx=262144"
Player connection [5124] Host "[IP] 26.152.164.118 [Port] 0 [Flags] 2 [Guid] 3055210046 [EditorId] 3055210046 [Version] 1048832 [Id] WindowsEditor(7,MSI) [Debug] 1 [PackageName] WindowsEditor [ProjectName] Editor" joined multi-casting on [225.0.0.222:54997]...

Player connection [5124] Host "[IP] 26.152.164.118 [Port] 0 [Flags] 2 [Guid] 3055210046 [EditorId] 3055210046 [Version] 1048832 [Id] WindowsEditor(7,MSI) [Debug] 1 [PackageName] WindowsEditor [ProjectName] Editor" joined alternative multi-casting on [225.0.0.222:34997]...

Refreshing native plugins compatible for Editor in 184.41 ms, found 4 plugins.
Preloading 0 native plugins for Editor in 0.00 ms.
Initialize engine version: 2021.3.19f1 (c9714fde33b6)
[Subsystems] Discovering subsystems at path C:/Program Files/Unity/Hub/Editor/2021.3.19f1/Editor/Data/Resources/UnitySubsystems
[Subsystems] Discovering subsystems at path C:/Users/Admin/Desktop/DoAn3/UI/Logic-Explorers-DALTUD3/Assets
GfxDevice: creating device client; threaded=0; jobified=0
Direct3D:
    Version:  Direct3D 11.0 [level 11.1]
    Renderer: NVIDIA GeForce GTX 1650 with Max-Q Design (ID=0x1f99)
    Vendor:   NVIDIA
    VRAM:     3962 MB
    Driver:   27.21.14.6221
Initialize mono
Mono path[0] = 'C:/Program Files/Unity/Hub/Editor/2021.3.19f1/Editor/Data/Managed'
Mono path[1] = 'C:/Program Files/Unity/Hub/Editor/2021.3.19f1/Editor/Data/MonoBleedingEdge/lib/mono/unityjit-win32'
Mono config path = 'C:/Program Files/Unity/Hub/Editor/2021.3.19f1/Editor/Data/MonoBleedingEdge/etc'
Using monoOptions --debugger-agent=transport=dt_socket,embedding=1,server=y,suspend=n,address=127.0.0.1:56624
Begin MonoManager ReloadAssembly
Registering precompiled unity dll's ...
Register platform support module: C:/Program Files/Unity/Hub/Editor/2021.3.19f1/Editor/Data/PlaybackEngines/AndroidPlayer/UnityEditor.Android.Extensions.dll
Register platform support module: C:/Program Files/Unity/Hub/Editor/2021.3.19f1/Editor/Data/PlaybackEngines/iOSSupport/UnityEditor.iOS.Extensions.dll
Register platform support module: C:/Program Files/Unity/Hub/Editor/2021.3.19f1/Editor/Data/PlaybackEngines/WindowsStandaloneSupport/UnityEditor.WindowsStandalone.Extensions.dll
Registered in 0.011438 seconds.
Native extension for WindowsStandalone target not found
[usbmuxd] Start listen thread
[usbmuxd] Listen thread started
Native extension for iOS target not found
Native extension for Android target not found
Android Extension - Scanning For ADB Devices 471 ms
Refreshing native plugins compatible for Editor in 173.52 ms, found 4 plugins.
Preloading 0 native plugins for Editor in 0.00 ms.
Mono: successfully reloaded assembly
- Completed reload, in  1.675 seconds
Domain Reload Profiling:
	ReloadAssembly (1675ms)
		BeginReloadAssembly (112ms)
			ExecutionOrderSort (0ms)
			DisableScriptedObjects (0ms)
			BackupInstance (0ms)
			ReleaseScriptingObjects (0ms)
			CreateAndSetChildDomain (1ms)
		EndReloadAssembly (1369ms)
			LoadAssemblies (110ms)
			RebuildTransferFunctionScriptingTraits (0ms)
			SetupTypeCache (196ms)
			ReleaseScriptCaches (0ms)
			RebuildScriptCaches (59ms)
			SetupLoadedEditorAssemblies (1030ms)
				LogAssemblyErrors (0ms)
				InitializePlatformSupportModulesInManaged (640ms)
				SetLoadedEditorAssemblies (0ms)
				RefreshPlugins (174ms)
				BeforeProcessingInitializeOnLoad (2ms)
				ProcessInitializeOnLoadAttributes (149ms)
				ProcessInitializeOnLoadMethodAttributes (65ms)
				AfterProcessingInitializeOnLoad (0ms)
				EditorAssembliesLoaded (0ms)
			ExecutionOrderSort2 (0ms)
			AwakeInstancesAfterBackupRestoration (0ms)
Platform modules already initialized, skipping
Registering precompiled user dll's ...
Registered in 0.010854 seconds.
Begin MonoManager ReloadAssembly
Symbol file LoadedFromMemory doesn't match image C:\Users\Admin\Desktop\DoAn3\UI\Logic-Explorers-DALTUD3\Library\PackageCache\com.unity.visualscripting@1.8.0\Editor\VisualScripting.Core\Dependencies\YamlDotNet\Unity.VisualScripting.YamlDotNet.dll
Symbol file LoadedFromMemory doesn't match image C:\Users\Admin\Desktop\DoAn3\UI\Logic-Explorers-DALTUD3\Library\PackageCache\com.unity.visualscripting@1.8.0\Editor\VisualScripting.Core\Dependencies\DotNetZip\Unity.VisualScripting.IonicZip.dll
Native extension for WindowsStandalone target not found
Native extension for iOS target not found
Native extension for Android target not found
Refreshing native plugins compatible for Editor in 177.83 ms, found 4 plugins.
Preloading 0 native plugins for Editor in 0.00 ms.
Mono: successfully reloaded assembly
Package Manager log level set to [2]
- Completed reload, in  2.069 seconds
Domain Reload Profiling:
	ReloadAssembly (2070ms)
		BeginReloadAssembly (169ms)
			ExecutionOrderSort (0ms)
			DisableScriptedObjects (9ms)
			BackupInstance (0ms)
			ReleaseScriptingObjects (0ms)
			CreateAndSetChildDomain (27ms)
		EndReloadAssembly (1697ms)
			LoadAssemblies (148ms)
			RebuildTransferFunctionScriptingTraits (0ms)
			SetupTypeCache (400ms)
			ReleaseScriptCaches (1ms)
			RebuildScriptCaches (97ms)
			SetupLoadedEditorAssemblies (964ms)
				LogAssemblyErrors (0ms)
				InitializePlatformSupportModulesInManaged (50ms)
				SetLoadedEditorAssemblies (0ms)
				RefreshPlugins (178ms)
				BeforeProcessingInitializeOnLoad (176ms)
				ProcessInitializeOnLoadAttributes (465ms)
				ProcessInitializeOnLoadMethodAttributes (80ms)
				AfterProcessingInitializeOnLoad (14ms)
				EditorAssembliesLoaded (0ms)
			ExecutionOrderSort2 (0ms)
			AwakeInstancesAfterBackupRestoration (10ms)
Platform modules already initialized, skipping
========================================================================
Worker process is ready to serve import requests
Launched and connected shader compiler UnityShaderCompiler.exe after 0.07 seconds
Refreshing native plugins compatible for Editor in 1.25 ms, found 4 plugins.
Preloading 0 native plugins for Editor in 0.00 ms.
Unloading 4035 Unused Serialized files (Serialized files now loaded: 0)
Unloading 50 unused Assets / (56.1 KB). Loaded Objects now: 4482.
Memory consumption went from 153.4 MB to 153.3 MB.
Total: 7.505300 ms (FindLiveObjects: 0.420100 ms CreateObjectMapping: 0.523500 ms MarkObjects: 6.397700 ms  DeleteObjects: 0.162000 ms)

AssetImportParameters requested are different than current active one (requested -> active):
  custom:video-decoder-ogg-theora: a1e56fd34408186e4bbccfd4996cb3dc -> 
  custom:container-muxer-webm: aa71ff27fc2769a1b78a27578f13a17b -> 
  custom:container-demuxer-webm: 4f35f7cbe854078d1ac9338744f61a02 -> 
  custom:video-encoder-webm-vp8: eb34c28f22e8b96e1ab97ce403110664 -> 
  custom:audio-encoder-webm-vorbis: bf7c407c2cedff20999df2af8eb42d56 -> 
  custom:framework-win-MediaFoundation: 216162199b28c13a410421893ffa2e32 -> 
  custom:container-demuxer-ogg: 62fdf1f143b41e24485cea50d1cbac27 -> 
  custom:video-decoder-webm-vp8: 9c59270c3fd7afecdb556c50c9e8de78 -> 
  custom:audio-decoder-ogg-vorbis: bf7c407c2cedff20999df2af8eb42d56 -> 
========================================================================
Received Import Request.
  Time since last request: 1729.599904 seconds.
  path: Assets/_scripts/SplitColors.cs
  artifactKey: Guid(461015876d97d4044bee89e8dad795ca) Importer(815301076,1909f56bfc062723c751e8b465ee728b)
Start importing Assets/_scripts/SplitColors.cs using Guid(461015876d97d4044bee89e8dad795ca) Importer(815301076,1909f56bfc062723c751e8b465ee728b)  -> (artifact id: '965f999a77d28e298ad1b57dcd27c93d') in 0.035644 seconds 
========================================================================
Received Import Request.
  Time since last request: 14.272686 seconds.
  path: Assets/_scripts/SplitShapes.cs
  artifactKey: Guid(4241a9020a85ade44ad3c37d8f4d9a03) Importer(815301076,1909f56bfc062723c751e8b465ee728b)
Start importing Assets/_scripts/SplitShapes.cs using Guid(4241a9020a85ade44ad3c37d8f4d9a03) Importer(815301076,1909f56bfc062723c751e8b465ee728b)  -> (artifact id: 'fbbd8dcd7a614e74a369b2ac7ddcb2b9') in 0.006456 seconds 
========================================================================
Received Import Request.
  Time since last request: 14.644748 seconds.
  path: Assets/_scripts/Trashcan.cs
  artifactKey: Guid(2bc5d0e6adfc28e45a3d43fff8748547) Importer(815301076,1909f56bfc062723c751e8b465ee728b)
Start importing Assets/_scripts/Trashcan.cs using Guid(2bc5d0e6adfc28e45a3d43fff8748547) Importer(815301076,1909f56bfc062723c751e8b465ee728b)  -> (artifact id: 'c6e81a6a9e7a5a44b737753c5c5aade8') in 0.011220 seconds 
========================================================================
Received Import Request.
  Time since last request: 9.434817 seconds.
  path: Assets/_scripts/SplitBalance.cs
  artifactKey: Guid(00c35e2648a3f0146b977665c54a3905) Importer(815301076,1909f56bfc062723c751e8b465ee728b)
Start importing Assets/_scripts/SplitBalance.cs using Guid(00c35e2648a3f0146b977665c54a3905) Importer(815301076,1909f56bfc062723c751e8b465ee728b)  -> (artifact id: '47dabc9e232947349f5d6714cfbb4a7f') in 0.006140 seconds 
========================================================================
Received Import Request.
  Time since last request: 436.145904 seconds.
  path: Assets/_scripts/SplitBalance.cs
  artifactKey: Guid(00c35e2648a3f0146b977665c54a3905) Importer(815301076,1909f56bfc062723c751e8b465ee728b)
Start importing Assets/_scripts/SplitBalance.cs using Guid(00c35e2648a3f0146b977665c54a3905) Importer(815301076,1909f56bfc062723c751e8b465ee728b)  -> (artifact id: '81774fc7f1502ffe915e664cdd61e2de') in 0.005261 seconds 
========================================================================
Received Import Request.
  Time since last request: 92.407736 seconds.
  path: Assets/_scripts/SplitBalance.cs
  artifactKey: Guid(00c35e2648a3f0146b977665c54a3905) Importer(815301076,1909f56bfc062723c751e8b465ee728b)
Start importing Assets/_scripts/SplitBalance.cs using Guid(00c35e2648a3f0146b977665c54a3905) Importer(815301076,1909f56bfc062723c751e8b465ee728b)  -> (artifact id: '302b778fed8a50ad68035cceec880696') in 0.004691 seconds 
========================================================================
Received Prepare
Registering precompiled user dll's ...
Registered in 0.014386 seconds.
Begin MonoManager ReloadAssembly
Symbol file LoadedFromMemory doesn't match image C:\Users\Admin\Desktop\DoAn3\UI\Logic-Explorers-DALTUD3\Library\PackageCache\com.unity.visualscripting@1.8.0\Editor\VisualScripting.Core\Dependencies\YamlDotNet\Unity.VisualScripting.YamlDotNet.dll
Symbol file LoadedFromMemory doesn't match image C:\Users\Admin\Desktop\DoAn3\UI\Logic-Explorers-DALTUD3\Library\PackageCache\com.unity.visualscripting@1.8.0\Editor\VisualScripting.Core\Dependencies\DotNetZip\Unity.VisualScripting.IonicZip.dll
Native extension for WindowsStandalone target not found
Native extension for iOS target not found
Native extension for Android target not found
Refreshing native plugins compatible for Editor in 1.82 ms, found 4 plugins.
Preloading 0 native plugins for Editor in 0.00 ms.
Mono: successfully reloaded assembly
- Completed reload, in  1.959 seconds
Domain Reload Profiling:
	ReloadAssembly (1960ms)
		BeginReloadAssembly (233ms)
			ExecutionOrderSort (0ms)
			DisableScriptedObjects (13ms)
			BackupInstance (0ms)
			ReleaseScriptingObjects (0ms)
			CreateAndSetChildDomain (66ms)
		EndReloadAssembly (1516ms)
			LoadAssemblies (152ms)
			RebuildTransferFunctionScriptingTraits (1ms)
			SetupTypeCache (453ms)
			ReleaseScriptCaches (2ms)
			RebuildScriptCaches (91ms)
			SetupLoadedEditorAssemblies (714ms)
				LogAssemblyErrors (0ms)
				InitializePlatformSupportModulesInManaged (73ms)
				SetLoadedEditorAssemblies (1ms)
				RefreshPlugins (2ms)
				BeforeProcessingInitializeOnLoad (160ms)
				ProcessInitializeOnLoadAttributes (396ms)
				ProcessInitializeOnLoadMethodAttributes (65ms)
				AfterProcessingInitializeOnLoad (16ms)
				EditorAssembliesLoaded (0ms)
			ExecutionOrderSort2 (0ms)
			AwakeInstancesAfterBackupRestoration (15ms)
Platform modules already initialized, skipping
Refreshing native plugins compatible for Editor in 8.13 ms, found 4 plugins.
Preloading 0 native plugins for Editor in 0.00 ms.
Unloading 4015 Unused Serialized files (Serialized files now loaded: 0)
Unloading 37 unused Assets / (24.7 KB). Loaded Objects now: 4489.
Memory consumption went from 151.0 MB to 151.0 MB.
Total: 5.105500 ms (FindLiveObjects: 0.408400 ms CreateObjectMapping: 0.286600 ms MarkObjects: 4.372700 ms  DeleteObjects: 0.036300 ms)

AssetImportParameters requested are different than current active one (requested -> active):
  custom:video-decoder-ogg-theora: a1e56fd34408186e4bbccfd4996cb3dc -> 
  custom:container-muxer-webm: aa71ff27fc2769a1b78a27578f13a17b -> 
  custom:container-demuxer-webm: 4f35f7cbe854078d1ac9338744f61a02 -> 
  custom:video-encoder-webm-vp8: eb34c28f22e8b96e1ab97ce403110664 -> 
  custom:audio-encoder-webm-vorbis: bf7c407c2cedff20999df2af8eb42d56 -> 
  custom:framework-win-MediaFoundation: 216162199b28c13a410421893ffa2e32 -> 
  custom:container-demuxer-ogg: 62fdf1f143b41e24485cea50d1cbac27 -> 
  custom:video-decoder-webm-vp8: 9c59270c3fd7afecdb556c50c9e8de78 -> 
  custom:audio-decoder-ogg-vorbis: bf7c407c2cedff20999df2af8eb42d56 -> 
========================================================================
Received Import Request.
  Time since last request: 192.608451 seconds.
  path: Assets/_scripts/SplitBalance.cs
  artifactKey: Guid(00c35e2648a3f0146b977665c54a3905) Importer(815301076,1909f56bfc062723c751e8b465ee728b)
Start importing Assets/_scripts/SplitBalance.cs using Guid(00c35e2648a3f0146b977665c54a3905) Importer(815301076,1909f56bfc062723c751e8b465ee728b)  -> (artifact id: 'ec1cf258deda064c489f8baba738f610') in 0.017921 seconds 
========================================================================
Received Import Request.
  Time since last request: 795.844011 seconds.
  path: Assets/_scripts/node.cs
  artifactKey: Guid(3f4e209e295baf04a91bd91c353f50d0) Importer(815301076,1909f56bfc062723c751e8b465ee728b)
Start importing Assets/_scripts/node.cs using Guid(3f4e209e295baf04a91bd91c353f50d0) Importer(815301076,1909f56bfc062723c751e8b465ee728b)  -> (artifact id: '0c03ba4f3ecb4407c76274498cdd425a') in 0.005428 seconds 
========================================================================
Received Import Request.
  Time since last request: 71.368834 seconds.
  path: Assets/_scripts/Node.cs
  artifactKey: Guid(3f4e209e295baf04a91bd91c353f50d0) Importer(815301076,1909f56bfc062723c751e8b465ee728b)
Start importing Assets/_scripts/Node.cs using Guid(3f4e209e295baf04a91bd91c353f50d0) Importer(815301076,1909f56bfc062723c751e8b465ee728b)  -> (artifact id: 'c489e9858be8715352fe56b4d90a03da') in 0.004887 seconds 
========================================================================
Received Import Request.
  Time since last request: 45.078667 seconds.
  path: Assets/_scripts/Node.cs
  artifactKey: Guid(3f4e209e295baf04a91bd91c353f50d0) Importer(815301076,1909f56bfc062723c751e8b465ee728b)
Start importing Assets/_scripts/Node.cs using Guid(3f4e209e295baf04a91bd91c353f50d0) Importer(815301076,1909f56bfc062723c751e8b465ee728b)  -> (artifact id: 'b89a77d3abf6e036c412ebf407a75bff') in 0.003678 seconds 
========================================================================
Received Import Request.
  Time since last request: 377.334073 seconds.
  path: Assets/_scripts/Node.cs
  artifactKey: Guid(3f4e209e295baf04a91bd91c353f50d0) Importer(815301076,1909f56bfc062723c751e8b465ee728b)
Start importing Assets/_scripts/Node.cs using Guid(3f4e209e295baf04a91bd91c353f50d0) Importer(815301076,1909f56bfc062723c751e8b465ee728b)  -> (artifact id: 'b01bdd251ac78f9fa08f4ad57b5a385a') in 0.005466 seconds 
========================================================================
Received Import Request.
  Time since last request: 524.257061 seconds.
  path: Assets/_scripts/object.cs
  artifactKey: Guid(615c2ac49f3919b4b93de1ffe192be1c) Importer(815301076,1909f56bfc062723c751e8b465ee728b)
Start importing Assets/_scripts/object.cs using Guid(615c2ac49f3919b4b93de1ffe192be1c) Importer(815301076,1909f56bfc062723c751e8b465ee728b)  -> (artifact id: '64940591f2e34806e3bd33d11fca0b68') in 0.004932 seconds 
========================================================================
Received Import Request.
  Time since last request: 7.548654 seconds.
  path: Assets/_scripts/Object.cs
  artifactKey: Guid(615c2ac49f3919b4b93de1ffe192be1c) Importer(815301076,1909f56bfc062723c751e8b465ee728b)
Start importing Assets/_scripts/Object.cs using Guid(615c2ac49f3919b4b93de1ffe192be1c) Importer(815301076,1909f56bfc062723c751e8b465ee728b)  -> (artifact id: '89cfdd600e0564d73479f45ae27dc974') in 0.005602 seconds 
========================================================================
Received Import Request.
  Time since last request: 0.807461 seconds.
  path: Assets/_scripts/pipe.cs
  artifactKey: Guid(727aac535f68a0341946a108a0c5c301) Importer(815301076,1909f56bfc062723c751e8b465ee728b)
Start importing Assets/_scripts/pipe.cs using Guid(727aac535f68a0341946a108a0c5c301) Importer(815301076,1909f56bfc062723c751e8b465ee728b)  -> (artifact id: '52ea494b49f1db1c5e193a729fcf0fa6') in 0.009037 seconds 
========================================================================
Received Import Request.
  Time since last request: 6.579882 seconds.
  path: Assets/_scripts/Pipe.cs
  artifactKey: Guid(727aac535f68a0341946a108a0c5c301) Importer(815301076,1909f56bfc062723c751e8b465ee728b)
Start importing Assets/_scripts/Pipe.cs using Guid(727aac535f68a0341946a108a0c5c301) Importer(815301076,1909f56bfc062723c751e8b465ee728b)  -> (artifact id: 'a1babce9043afd91baf13377edad0f0d') in 0.006369 seconds 
========================================================================
Received Import Request.
  Time since last request: 1.559334 seconds.
  path: Assets/_scripts/player.cs
  artifactKey: Guid(526fd29f12ee12743a569f5300292892) Importer(815301076,1909f56bfc062723c751e8b465ee728b)
Start importing Assets/_scripts/player.cs using Guid(526fd29f12ee12743a569f5300292892) Importer(815301076,1909f56bfc062723c751e8b465ee728b)  -> (artifact id: 'd18514730fdd31ac0e7718b9a14d0c31') in 0.004461 seconds 
========================================================================
Received Import Request.
  Time since last request: 5.234895 seconds.
  path: Assets/_scripts/SceneSwitcher.cs
  artifactKey: Guid(79b20014fca40894197e3061d20ec182) Importer(815301076,1909f56bfc062723c751e8b465ee728b)
Start importing Assets/_scripts/SceneSwitcher.cs using Guid(79b20014fca40894197e3061d20ec182) Importer(815301076,1909f56bfc062723c751e8b465ee728b)  -> (artifact id: '39ee324378f9e3526cdfac2cf09c650d') in 0.005483 seconds 
========================================================================
Received Import Request.
  Time since last request: 1.945099 seconds.
  path: Assets/_scripts/SplitColors.cs
  artifactKey: Guid(461015876d97d4044bee89e8dad795ca) Importer(815301076,1909f56bfc062723c751e8b465ee728b)
Start importing Assets/_scripts/SplitColors.cs using Guid(461015876d97d4044bee89e8dad795ca) Importer(815301076,1909f56bfc062723c751e8b465ee728b)  -> (artifact id: '9f2ac82c01c921441d240e4bdc9390be') in 0.003701 seconds 
========================================================================
Received Import Request.
  Time since last request: 0.928517 seconds.
  path: Assets/_scripts/SplitShapes.cs
  artifactKey: Guid(4241a9020a85ade44ad3c37d8f4d9a03) Importer(815301076,1909f56bfc062723c751e8b465ee728b)
Start importing Assets/_scripts/SplitShapes.cs using Guid(4241a9020a85ade44ad3c37d8f4d9a03) Importer(815301076,1909f56bfc062723c751e8b465ee728b)  -> (artifact id: 'e41f687cbba5dc0ff4f93bf3910e3103') in 0.003063 seconds 
========================================================================
Received Import Request.
  Time since last request: 0.431745 seconds.
  path: Assets/_scripts/stage.cs
  artifactKey: Guid(5da56ff44b24bce4ba9f203c6736143b) Importer(815301076,1909f56bfc062723c751e8b465ee728b)
Start importing Assets/_scripts/stage.cs using Guid(5da56ff44b24bce4ba9f203c6736143b) Importer(815301076,1909f56bfc062723c751e8b465ee728b)  -> (artifact id: 'e865b50691b9f8ace6bd6c63b295ef60') in 0.003012 seconds 
========================================================================
Received Import Request.
  Time since last request: 5.596633 seconds.
  path: Assets/_scripts/Stage.cs
  artifactKey: Guid(5da56ff44b24bce4ba9f203c6736143b) Importer(815301076,1909f56bfc062723c751e8b465ee728b)
Start importing Assets/_scripts/Stage.cs using Guid(5da56ff44b24bce4ba9f203c6736143b) Importer(815301076,1909f56bfc062723c751e8b465ee728b)  -> (artifact id: '8fa97c83ce6d6b2723ce4338ee7a6705') in 0.005636 seconds 
========================================================================
Received Import Request.
  Time since last request: 1390.971157 seconds.
  path: Assets/_scripts/Object.cs
  artifactKey: Guid(615c2ac49f3919b4b93de1ffe192be1c) Importer(815301076,1909f56bfc062723c751e8b465ee728b)
Start importing Assets/_scripts/Object.cs using Guid(615c2ac49f3919b4b93de1ffe192be1c) Importer(815301076,1909f56bfc062723c751e8b465ee728b)  -> (artifact id: 'bbbf146d883e4b231a4a276176ace6ad') in 0.003582 seconds 
========================================================================
Received Import Request.
  Time since last request: 235.616492 seconds.
  path: Assets/_scripts/MyObject.cs
  artifactKey: Guid(615c2ac49f3919b4b93de1ffe192be1c) Importer(815301076,1909f56bfc062723c751e8b465ee728b)
Start importing Assets/_scripts/MyObject.cs using Guid(615c2ac49f3919b4b93de1ffe192be1c) Importer(815301076,1909f56bfc062723c751e8b465ee728b)  -> (artifact id: '905134dbfd8d831a62fbb21684fba9a4') in 0.007094 seconds 
========================================================================
Received Import Request.
  Time since last request: 77.886590 seconds.
  path: Assets/_scripts/MyObject.cs
  artifactKey: Guid(615c2ac49f3919b4b93de1ffe192be1c) Importer(815301076,1909f56bfc062723c751e8b465ee728b)
Start importing Assets/_scripts/MyObject.cs using Guid(615c2ac49f3919b4b93de1ffe192be1c) Importer(815301076,1909f56bfc062723c751e8b465ee728b)  -> (artifact id: '0755361600e96d448263051f0f6e86bb') in 0.008347 seconds 
========================================================================
Received Prepare
Registering precompiled user dll's ...
Registered in 0.015165 seconds.
Begin MonoManager ReloadAssembly
Symbol file LoadedFromMemory doesn't match image C:\Users\Admin\Desktop\DoAn3\UI\Logic-Explorers-DALTUD3\Library\PackageCache\com.unity.visualscripting@1.8.0\Editor\VisualScripting.Core\Dependencies\YamlDotNet\Unity.VisualScripting.YamlDotNet.dll
Symbol file LoadedFromMemory doesn't match image C:\Users\Admin\Desktop\DoAn3\UI\Logic-Explorers-DALTUD3\Library\PackageCache\com.unity.visualscripting@1.8.0\Editor\VisualScripting.Core\Dependencies\DotNetZip\Unity.VisualScripting.IonicZip.dll
Native extension for WindowsStandalone target not found
Native extension for iOS target not found
Native extension for Android target not found
Refreshing native plugins compatible for Editor in 1.23 ms, found 4 plugins.
Preloading 0 native plugins for Editor in 0.00 ms.
Mono: successfully reloaded assembly
- Completed reload, in  2.068 seconds
Domain Reload Profiling:
	ReloadAssembly (2071ms)
		BeginReloadAssembly (389ms)
			ExecutionOrderSort (0ms)
			DisableScriptedObjects (41ms)
			BackupInstance (0ms)
			ReleaseScriptingObjects (0ms)
			CreateAndSetChildDomain (161ms)
		EndReloadAssembly (1478ms)
			LoadAssemblies (191ms)
			RebuildTransferFunctionScriptingTraits (0ms)
			SetupTypeCache (502ms)
			ReleaseScriptCaches (2ms)
			RebuildScriptCaches (85ms)
			SetupLoadedEditorAssemblies (610ms)
				LogAssemblyErrors (0ms)
				InitializePlatformSupportModulesInManaged (64ms)
				SetLoadedEditorAssemblies (1ms)
				RefreshPlugins (1ms)
				BeforeProcessingInitializeOnLoad (151ms)
				ProcessInitializeOnLoadAttributes (321ms)
				ProcessInitializeOnLoadMethodAttributes (54ms)
				AfterProcessingInitializeOnLoad (17ms)
				EditorAssembliesLoaded (0ms)
			ExecutionOrderSort2 (0ms)
			AwakeInstancesAfterBackupRestoration (15ms)
Platform modules already initialized, skipping
Refreshing native plugins compatible for Editor in 9.66 ms, found 4 plugins.
Preloading 0 native plugins for Editor in 0.00 ms.
Unloading 4015 Unused Serialized files (Serialized files now loaded: 0)
Unloading 37 unused Assets / (24.6 KB). Loaded Objects now: 4492.
Memory consumption went from 151.0 MB to 151.0 MB.
Total: 5.398400 ms (FindLiveObjects: 0.373400 ms CreateObjectMapping: 0.302700 ms MarkObjects: 4.562000 ms  DeleteObjects: 0.158700 ms)

AssetImportParameters requested are different than current active one (requested -> active):
  custom:video-decoder-ogg-theora: a1e56fd34408186e4bbccfd4996cb3dc -> 
  custom:container-muxer-webm: aa71ff27fc2769a1b78a27578f13a17b -> 
  custom:container-demuxer-webm: 4f35f7cbe854078d1ac9338744f61a02 -> 
  custom:video-encoder-webm-vp8: eb34c28f22e8b96e1ab97ce403110664 -> 
  custom:audio-encoder-webm-vorbis: bf7c407c2cedff20999df2af8eb42d56 -> 
  custom:framework-win-MediaFoundation: 216162199b28c13a410421893ffa2e32 -> 
  custom:container-demuxer-ogg: 62fdf1f143b41e24485cea50d1cbac27 -> 
  custom:video-decoder-webm-vp8: 9c59270c3fd7afecdb556c50c9e8de78 -> 
  custom:audio-decoder-ogg-vorbis: bf7c407c2cedff20999df2af8eb42d56 -> 
========================================================================
Received Import Request.
  Time since last request: 136.280967 seconds.
  path: Assets/_scripts/MyObject.cs
  artifactKey: Guid(615c2ac49f3919b4b93de1ffe192be1c) Importer(815301076,1909f56bfc062723c751e8b465ee728b)
Start importing Assets/_scripts/MyObject.cs using Guid(615c2ac49f3919b4b93de1ffe192be1c) Importer(815301076,1909f56bfc062723c751e8b465ee728b)  -> (artifact id: 'c7623e28ffb1beb312db445eb17e3766') in 0.011847 seconds 
========================================================================
Received Prepare
Registering precompiled user dll's ...
Registered in 0.010507 seconds.
Begin MonoManager ReloadAssembly
Symbol file LoadedFromMemory doesn't match image C:\Users\Admin\Desktop\DoAn3\UI\Logic-Explorers-DALTUD3\Library\PackageCache\com.unity.visualscripting@1.8.0\Editor\VisualScripting.Core\Dependencies\YamlDotNet\Unity.VisualScripting.YamlDotNet.dll
Symbol file LoadedFromMemory doesn't match image C:\Users\Admin\Desktop\DoAn3\UI\Logic-Explorers-DALTUD3\Library\PackageCache\com.unity.visualscripting@1.8.0\Editor\VisualScripting.Core\Dependencies\DotNetZip\Unity.VisualScripting.IonicZip.dll
Native extension for WindowsStandalone target not found
Native extension for iOS target not found
Native extension for Android target not found
Refreshing native plugins compatible for Editor in 1.12 ms, found 4 plugins.
Preloading 0 native plugins for Editor in 0.00 ms.
Mono: successfully reloaded assembly
- Completed reload, in  2.135 seconds
Domain Reload Profiling:
	ReloadAssembly (2137ms)
		BeginReloadAssembly (219ms)
			ExecutionOrderSort (0ms)
			DisableScriptedObjects (12ms)
			BackupInstance (0ms)
			ReleaseScriptingObjects (0ms)
			CreateAndSetChildDomain (61ms)
		EndReloadAssembly (1698ms)
			LoadAssemblies (160ms)
			RebuildTransferFunctionScriptingTraits (0ms)
			SetupTypeCache (536ms)
			ReleaseScriptCaches (3ms)
			RebuildScriptCaches (107ms)
			SetupLoadedEditorAssemblies (747ms)
				LogAssemblyErrors (0ms)
				InitializePlatformSupportModulesInManaged (77ms)
				SetLoadedEditorAssemblies (1ms)
				RefreshPlugins (1ms)
				BeforeProcessingInitializeOnLoad (159ms)
				ProcessInitializeOnLoadAttributes (406ms)
				ProcessInitializeOnLoadMethodAttributes (87ms)
				AfterProcessingInitializeOnLoad (16ms)
				EditorAssembliesLoaded (0ms)
			ExecutionOrderSort2 (0ms)
			AwakeInstancesAfterBackupRestoration (20ms)
Platform modules already initialized, skipping
Refreshing native plugins compatible for Editor in 7.86 ms, found 4 plugins.
Preloading 0 native plugins for Editor in 0.00 ms.
Unloading 4015 Unused Serialized files (Serialized files now loaded: 0)
Unloading 37 unused Assets / (24.7 KB). Loaded Objects now: 4495.
Memory consumption went from 151.0 MB to 151.0 MB.
Total: 4.862100 ms (FindLiveObjects: 0.394400 ms CreateObjectMapping: 0.433600 ms MarkObjects: 3.945100 ms  DeleteObjects: 0.087400 ms)

AssetImportParameters requested are different than current active one (requested -> active):
  custom:video-decoder-ogg-theora: a1e56fd34408186e4bbccfd4996cb3dc -> 
  custom:container-muxer-webm: aa71ff27fc2769a1b78a27578f13a17b -> 
  custom:container-demuxer-webm: 4f35f7cbe854078d1ac9338744f61a02 -> 
  custom:video-encoder-webm-vp8: eb34c28f22e8b96e1ab97ce403110664 -> 
  custom:audio-encoder-webm-vorbis: bf7c407c2cedff20999df2af8eb42d56 -> 
  custom:framework-win-MediaFoundation: 216162199b28c13a410421893ffa2e32 -> 
  custom:container-demuxer-ogg: 62fdf1f143b41e24485cea50d1cbac27 -> 
  custom:video-decoder-webm-vp8: 9c59270c3fd7afecdb556c50c9e8de78 -> 
  custom:audio-decoder-ogg-vorbis: bf7c407c2cedff20999df2af8eb42d56 -> 
========================================================================
Received Import Request.
  Time since last request: 108.604019 seconds.
  path: Assets/_scripts/SplitBalance.cs
  artifactKey: Guid(00c35e2648a3f0146b977665c54a3905) Importer(815301076,1909f56bfc062723c751e8b465ee728b)
Start importing Assets/_scripts/SplitBalance.cs using Guid(00c35e2648a3f0146b977665c54a3905) Importer(815301076,1909f56bfc062723c751e8b465ee728b)  -> (artifact id: '026fa59c5e99eadfeded58caffac9af7') in 0.013935 seconds 
========================================================================
Received Import Request.
  Time since last request: 0.489317 seconds.
  path: Assets/_scripts/SplitColors.cs
  artifactKey: Guid(461015876d97d4044bee89e8dad795ca) Importer(815301076,1909f56bfc062723c751e8b465ee728b)
Start importing Assets/_scripts/SplitColors.cs using Guid(461015876d97d4044bee89e8dad795ca) Importer(815301076,1909f56bfc062723c751e8b465ee728b)  -> (artifact id: '97c763b88a5a5ff3ae810f3dfe82572e') in 0.004530 seconds 
========================================================================
Received Prepare
Registering precompiled user dll's ...
Registered in 0.021507 seconds.
Begin MonoManager ReloadAssembly
Symbol file LoadedFromMemory doesn't match image C:\Users\Admin\Desktop\DoAn3\UI\Logic-Explorers-DALTUD3\Library\PackageCache\com.unity.visualscripting@1.8.0\Editor\VisualScripting.Core\Dependencies\YamlDotNet\Unity.VisualScripting.YamlDotNet.dll
Symbol file LoadedFromMemory doesn't match image C:\Users\Admin\Desktop\DoAn3\UI\Logic-Explorers-DALTUD3\Library\PackageCache\com.unity.visualscripting@1.8.0\Editor\VisualScripting.Core\Dependencies\DotNetZip\Unity.VisualScripting.IonicZip.dll
Native extension for WindowsStandalone target not found
Native extension for iOS target not found
Native extension for Android target not found
Refreshing native plugins compatible for Editor in 1.05 ms, found 4 plugins.
Preloading 0 native plugins for Editor in 0.00 ms.
Mono: successfully reloaded assembly
- Completed reload, in  1.946 seconds
Domain Reload Profiling:
	ReloadAssembly (1948ms)
		BeginReloadAssembly (268ms)
			ExecutionOrderSort (0ms)
			DisableScriptedObjects (15ms)
			BackupInstance (0ms)
			ReleaseScriptingObjects (0ms)
			CreateAndSetChildDomain (75ms)
		EndReloadAssembly (1411ms)
			LoadAssemblies (203ms)
			RebuildTransferFunctionScriptingTraits (0ms)
			SetupTypeCache (437ms)
			ReleaseScriptCaches (2ms)
			RebuildScriptCaches (73ms)
			SetupLoadedEditorAssemblies (624ms)
				LogAssemblyErrors (0ms)
				InitializePlatformSupportModulesInManaged (58ms)
				SetLoadedEditorAssemblies (1ms)
				RefreshPlugins (1ms)
				BeforeProcessingInitializeOnLoad (132ms)
				ProcessInitializeOnLoadAttributes (360ms)
				ProcessInitializeOnLoadMethodAttributes (59ms)
				AfterProcessingInitializeOnLoad (13ms)
				EditorAssembliesLoaded (0ms)
			ExecutionOrderSort2 (0ms)
			AwakeInstancesAfterBackupRestoration (13ms)
Platform modules already initialized, skipping
Refreshing native plugins compatible for Editor in 6.00 ms, found 4 plugins.
Preloading 0 native plugins for Editor in 0.00 ms.
Unloading 4015 Unused Serialized files (Serialized files now loaded: 0)
Unloading 37 unused Assets / (24.6 KB). Loaded Objects now: 4498.
Memory consumption went from 151.0 MB to 151.0 MB.
Total: 4.307100 ms (FindLiveObjects: 0.350500 ms CreateObjectMapping: 0.266300 ms MarkObjects: 3.650600 ms  DeleteObjects: 0.038400 ms)

AssetImportParameters requested are different than current active one (requested -> active):
  custom:video-decoder-ogg-theora: a1e56fd34408186e4bbccfd4996cb3dc -> 
  custom:container-muxer-webm: aa71ff27fc2769a1b78a27578f13a17b -> 
  custom:container-demuxer-webm: 4f35f7cbe854078d1ac9338744f61a02 -> 
  custom:video-encoder-webm-vp8: eb34c28f22e8b96e1ab97ce403110664 -> 
  custom:audio-encoder-webm-vorbis: bf7c407c2cedff20999df2af8eb42d56 -> 
  custom:framework-win-MediaFoundation: 216162199b28c13a410421893ffa2e32 -> 
  custom:container-demuxer-ogg: 62fdf1f143b41e24485cea50d1cbac27 -> 
  custom:video-decoder-webm-vp8: 9c59270c3fd7afecdb556c50c9e8de78 -> 
  custom:audio-decoder-ogg-vorbis: bf7c407c2cedff20999df2af8eb42d56 -> 
